0 info it worked if it ends with ok
1 verbose cli [ 'C:\\Program Files\\nodejs\\node.exe',
1 verbose cli   'C:\\Program Files\\nodejs\\node_modules\\npm\\bin\\npm-cli.js',
1 verbose cli   'start' ]
2 info using npm@3.10.10
3 info using node@v6.11.3
4 verbose run-script [ 'prestart', 'start', 'poststart' ]
5 info lifecycle boilerplate@2.1.3~prestart: boilerplate@2.1.3
6 silly lifecycle boilerplate@2.1.3~prestart: no script for prestart, continuing
7 info lifecycle boilerplate@2.1.3~start: boilerplate@2.1.3
8 verbose lifecycle boilerplate@2.1.3~start: unsafe-perm in lifecycle true
9 verbose lifecycle boilerplate@2.1.3~start: PATH: C:\Program Files\nodejs\node_modules\npm\bin\node-gyp-bin;C:\Users\jayr3_000\Desktop\CS 467 Capstone Project\Tower-Defense-Game\node_modules\.bin;C:\Users\jayr3_000\bin;C:\Program Files\Git\mingw64\bin;C:\Program Files\Git\usr\local\bin;C:\Program Files\Git\usr\bin;C:\Program Files\Git\usr\bin;C:\Program Files\Git\mingw64\bin;C:\Program Files\Git\usr\bin;C:\Users\jayr3_000\bin;C:\Program Files (x86)\Common Files\Oracle\Java\javapath;C:\Program Files (x86)\Intel\iCLS Client;C:\Program Files\Intel\iCLS Client;C:\WINDOWS\system32;C:\WINDOWS;C:\WINDOWS\System32\Wbem;C:\WINDOWS\System32\WindowsPowerShell\v1.0;C:\Program Files\Intel\Intel(R) Management Engine Components\DAL;C:\Program Files\Intel\Intel(R) Management Engine Components\IPT;C:\Program Files (x86)\Intel\Intel(R) Management Engine Components\DAL;C:\Program Files (x86)\Intel\Intel(R) Management Engine Components\IPT;C:\Program Files\Intel\WiFi\bin;C:\Program Files\Common Files\Intel\WirelessCommon;C:\Program Files (x86)\NVIDIA Corporation\PhysX\Common;C:\WINDOWS\system32;C:\WINDOWS;C:\WINDOWS\System32\Wbem;C:\WINDOWS\System32\WindowsPowerShell\v1.0;C:\WINDOWS\system32\config\systemprofile\.dnx\bin;C:\Program Files\Microsoft DNX\Dnvm;C:\Program Files\Microsoft SQL Server\130\Tools\Binn;C:\Program Files\nodejs;C:\Program Files\Git\cmd;C:\Program Files (x86)\Brackets\command;C:\WINDOWS\System32\OpenSSH;C:\Program Files\Git LFS;C:\Program Files\Java\jre1.8.0_181\bin;C:\Users\jayr3_000\AppData\Local\Microsoft\WindowsApps;C:\Users\jayr3_000\AppData\Roaming\npm;C:\Program Files\Heroku\bin;C:\Users\jayr3_000\AppData\Local\Google\Cloud SDK\google-cloud-sdk\bin;C:\Users\jayr3_000\AppData\Local\Microsoft\WindowsApps;C:\Users\jayr3_000\AppData\Local\GitHubDesktop\bin;C:\Program Files\Git\usr\bin\vendor_perl;C:\Program Files\Git\usr\bin\core_perl
10 verbose lifecycle boilerplate@2.1.3~start: CWD: C:\Users\jayr3_000\Desktop\CS 467 Capstone Project\Tower-Defense-Game
11 silly lifecycle boilerplate@2.1.3~start: Args: [ '/d /s /c', 'electron.exe .' ]
12 silly lifecycle boilerplate@2.1.3~start: Returned: code: 1  signal: null
13 info lifecycle boilerplate@2.1.3~start: Failed to exec start script
14 verbose stack Error: boilerplate@2.1.3 start: `electron.exe .`
14 verbose stack Exit status 1
14 verbose stack     at EventEmitter.<anonymous> (C:\Program Files\nodejs\node_modules\npm\lib\utils\lifecycle.js:255:16)
14 verbose stack     at emitTwo (events.js:106:13)
14 verbose stack     at EventEmitter.emit (events.js:191:7)
14 verbose stack     at ChildProcess.<anonymous> (C:\Program Files\nodejs\node_modules\npm\lib\utils\spawn.js:40:14)
14 verbose stack     at emitTwo (events.js:106:13)
14 verbose stack     at ChildProcess.emit (events.js:191:7)
14 verbose stack     at maybeClose (internal/child_process.js:920:16)
14 verbose stack     at Process.ChildProcess._handle.onexit (internal/child_process.js:230:5)
15 verbose pkgid boilerplate@2.1.3
16 verbose cwd C:\Users\jayr3_000\Desktop\CS 467 Capstone Project\Tower-Defense-Game
17 error Windows_NT 10.0.17134
18 error argv "C:\\Program Files\\nodejs\\node.exe" "C:\\Program Files\\nodejs\\node_modules\\npm\\bin\\npm-cli.js" "start"
19 error node v6.11.3
20 error npm  v3.10.10
21 error code ELIFECYCLE
22 error boilerplate@2.1.3 start: `electron.exe .`
22 error Exit status 1
23 error Failed at the boilerplate@2.1.3 start script 'electron.exe .'.
23 error Make sure you have the latest version of node.js and npm installed.
23 error If you do, this is most likely a problem with the boilerplate package,
23 error not with npm itself.
23 error Tell the author that this fails on your system:
23 error     electron.exe .
23 error You can get information on how to open an issue for this project with:
23 error     npm bugs boilerplate
23 error Or if that isn't available, you can get their info via:
23 error     npm owner ls boilerplate
23 error There is likely additional logging output above.
24 verbose exit [ 1, true ]
